<?xml version="1.0" encoding="UTF-8"?>
<!-- Generated by org.testng.reporters.JUnitXMLReporter -->
<testsuite hostname="Laptop-Dell7559" name="Default test" tests="3" failures="0" timestamp="2 Sep 2019 04:28:13 GMT" time="50.064" errors="0">
  <testcase name="Test01" time="19.172" classname="com.training.multi.browser.testing.MultiTests"/>
  <testcase name="Test02" time="14.679" classname="com.training.multi.browser.testing.MultiTests"/>
  <testcase name="Test03" time="16.187" classname="com.training.multi.browser.testing.MultiTests"/>
</testsuite> <!-- Default test -->
