<?xml version="1.0" encoding="UTF-8"?>
<testng-results skipped="0" failed="0" total="1" passed="1">
  <reporter-output>
  </reporter-output>
  <suite name="Default suite" duration-ms="34669" started-at="2019-09-02T08:30:46Z" finished-at="2019-09-02T08:31:21Z">
    <groups>
    </groups>
    <test name="Default test" duration-ms="34669" started-at="2019-09-02T08:30:46Z" finished-at="2019-09-02T08:31:21Z">
      <class name="com.training.multi.browser.testing.MultiTests">
        <test-method status="PASS" signature="beforeSuite()[pri:0, instance:com.training.multi.browser.testing.MultiTests@42d80b78]" name="beforeSuite" is-config="true" duration-ms="6" started-at="2019-09-02T14:00:46Z" finished-at="2019-09-02T14:00:46Z">
          <reporter-output>
          </reporter-output>
        </test-method> <!-- beforeSuite -->
        <test-method status="PASS" signature="Test01()[pri:0, instance:com.training.multi.browser.testing.MultiTests@42d80b78]" name="Test01" duration-ms="34647" started-at="2019-09-02T14:00:46Z" finished-at="2019-09-02T14:01:21Z">
          <reporter-output>
          </reporter-output>
        </test-method> <!-- Test01 -->
        <test-method status="PASS" signature="afterSuite()[pri:0, instance:com.training.multi.browser.testing.MultiTests@42d80b78]" name="afterSuite" is-config="true" duration-ms="0" started-at="2019-09-02T14:01:21Z" finished-at="2019-09-02T14:01:21Z">
          <reporter-output>
          </reporter-output>
        </test-method> <!-- afterSuite -->
      </class> <!-- com.training.multi.browser.testing.MultiTests -->
    </test> <!-- Default test -->
  </suite> <!-- Default suite -->
</testng-results>
