<?xml version="1.0" encoding="UTF-8"?>
<!-- Generated by org.testng.reporters.JUnitXMLReporter -->
<testsuite hostname="Laptop-Dell7559" name="test01" tests="3" failures="0" timestamp="2 Sep 2019 04:29:07 GMT" time="23.47" errors="0">
  <testcase name="Test03" time="22.955" classname="com.training.multi.browser.testing.MultiTests"/>
  <testcase name="Test01" time="23.442" classname="com.training.multi.browser.testing.MultiTests"/>
  <testcase name="Test02" time="23.443" classname="com.training.multi.browser.testing.MultiTests"/>
</testsuite> <!-- test01 -->
